<?xml version="1.0" encoding="UTF-8"?>
<!-- Generated by org.testng.reporters.JUnitXMLReporter -->
<testsuite hostname="DESKTOP-OQ3P6LF" ignored="4" name="Default test" tests="1" failures="0" timestamp="22 Jun 2022 15:48:19 GMT" time="12.428" errors="0">
  <testcase name="bookBusTicketAndPrint" time="12.252" classname="testScenarios.TestCases"/>
  <testcase name="bookBusTicketPrintAndTrackService" time="0.0" classname="testScenarios.TestCases">
    <ignored/>
  </testcase> <!-- bookBusTicketPrintAndTrackService -->
  <testcase name="bookBusTicketAndCancelTicket" time="0.0" classname="testScenarios.TestCases">
    <ignored/>
  </testcase> <!-- bookBusTicketAndCancelTicket -->
  <testcase name="bookBusTicketAndTrackService" time="0.0" classname="testScenarios.TestCases">
    <ignored/>
  </testcase> <!-- bookBusTicketAndTrackService -->
  <testcase name="bookBusTicketAndCheckStatus" time="0.0" classname="testScenarios.TestCases">
    <ignored/>
  </testcase> <!-- bookBusTicketAndCheckStatus -->
</testsuite> <!-- Default test -->
