<?xml version="1.0" encoding="UTF-8"?>
<testng-results skipped="0" failed="0" ignored="4" total="5" passed="1">
  <reporter-output>
  </reporter-output>
  <suite name="Default suite" duration-ms="12428" started-at="2022-06-22T15:48:06Z" finished-at="2022-06-22T15:48:19Z">
    <groups>
    </groups>
    <test name="Default test" duration-ms="12428" started-at="2022-06-22T15:48:06Z" finished-at="2022-06-22T15:48:19Z">
      <class name="testScenarios.TestCases">
        <test-method status="PASS" signature="bookBusTicketAndPrint()[pri:0, instance:testScenarios.TestCases@207ea13]" name="bookBusTicketAndPrint" duration-ms="12252" started-at="2022-06-22T15:48:06Z" finished-at="2022-06-22T15:48:19Z">
          <reporter-output>
          </reporter-output>
        </test-method> <!-- bookBusTicketAndPrint -->
      </class> <!-- testScenarios.TestCases -->
    </test> <!-- Default test -->
  </suite> <!-- Default suite -->
</testng-results>
