<?xml version="1.0" encoding="UTF-8"?>
<testng-results skipped="0" failed="0" ignored="0" total="4" passed="4">
  <reporter-output>
  </reporter-output>
  <suite name="Parallel Execution" duration-ms="165" started-at="2022-06-21T15:22:34Z" finished-at="2022-06-21T15:22:34Z">
    <groups>
    </groups>
    <test name="Run Tests on Chrome" duration-ms="165" started-at="2022-06-21T15:22:34Z" finished-at="2022-06-21T15:22:34Z">
      <class name="practiceTestNG.SeleniumTestsChrome">
        <test-method status="PASS" signature="launch()[pri:0, instance:practiceTestNG.SeleniumTestsChrome@e45f292]" name="launch" is-config="true" duration-ms="30" started-at="2022-06-21T15:22:34Z" finished-at="2022-06-21T15:22:34Z">
          <reporter-output>
          </reporter-output>
        </test-method> <!-- launch -->
        <test-method status="PASS" signature="beforeMethod()[pri:0, instance:practiceTestNG.SeleniumTestsChrome@e45f292]" name="beforeMethod" is-config="true" duration-ms="1" started-at="2022-06-21T15:22:34Z" finished-at="2022-06-21T15:22:34Z">
          <reporter-output>
          </reporter-output>
        </test-method> <!-- beforeMethod -->
        <test-method status="PASS" signature="forwardToEmail()[pri:0, instance:practiceTestNG.SeleniumTestsChrome@e45f292]" name="forwardToEmail" duration-ms="20" started-at="2022-06-21T15:22:34Z" finished-at="2022-06-21T15:22:34Z">
          <reporter-output>
          </reporter-output>
        </test-method> <!-- forwardToEmail -->
        <test-method status="PASS" signature="afterMethod()[pri:0, instance:practiceTestNG.SeleniumTestsChrome@e45f292]" name="afterMethod" is-config="true" duration-ms="11" started-at="2022-06-21T15:22:34Z" finished-at="2022-06-21T15:22:34Z">
          <reporter-output>
          </reporter-output>
        </test-method> <!-- afterMethod -->
        <test-method status="PASS" signature="beforeMethod()[pri:0, instance:practiceTestNG.SeleniumTestsChrome@e45f292]" name="beforeMethod" is-config="true" duration-ms="13" started-at="2022-06-21T15:22:34Z" finished-at="2022-06-21T15:22:34Z">
          <reporter-output>
          </reporter-output>
        </test-method> <!-- beforeMethod -->
        <test-method status="PASS" signature="replyToEmail()[pri:0, instance:practiceTestNG.SeleniumTestsChrome@e45f292]" name="replyToEmail" duration-ms="9" started-at="2022-06-21T15:22:34Z" finished-at="2022-06-21T15:22:34Z">
          <reporter-output>
          </reporter-output>
        </test-method> <!-- replyToEmail -->
        <test-method status="PASS" signature="afterMethod()[pri:0, instance:practiceTestNG.SeleniumTestsChrome@e45f292]" name="afterMethod" is-config="true" duration-ms="1" started-at="2022-06-21T15:22:34Z" finished-at="2022-06-21T15:22:34Z">
          <reporter-output>
          </reporter-output>
        </test-method> <!-- afterMethod -->
        <test-method status="PASS" signature="close()[pri:0, instance:practiceTestNG.SeleniumTestsChrome@e45f292]" name="close" is-config="true" duration-ms="5" started-at="2022-06-21T15:22:34Z" finished-at="2022-06-21T15:22:34Z">
          <reporter-output>
          </reporter-output>
        </test-method> <!-- close -->
      </class> <!-- practiceTestNG.SeleniumTestsChrome -->
    </test> <!-- Run Tests on Chrome -->
    <test name="Run Tests on Firefox" duration-ms="118" started-at="2022-06-21T15:22:34Z" finished-at="2022-06-21T15:22:34Z">
      <class name="practiceTestNG.SeleniumTestsFirefox">
        <test-method status="PASS" signature="launch()[pri:0, instance:practiceTestNG.SeleniumTestsFirefox@1e127982]" name="launch" is-config="true" duration-ms="29" started-at="2022-06-21T15:22:34Z" finished-at="2022-06-21T15:22:34Z">
          <reporter-output>
          </reporter-output>
        </test-method> <!-- launch -->
        <test-method status="PASS" signature="forwardToEmail()[pri:0, instance:practiceTestNG.SeleniumTestsFirefox@1e127982]" name="forwardToEmail" duration-ms="25" started-at="2022-06-21T15:22:34Z" finished-at="2022-06-21T15:22:34Z">
          <reporter-output>
          </reporter-output>
        </test-method> <!-- forwardToEmail -->
        <test-method status="PASS" signature="beforeMethod()[pri:0, instance:practiceTestNG.SeleniumTestsFirefox@1e127982]" name="beforeMethod" is-config="true" duration-ms="0" started-at="2022-06-21T15:22:34Z" finished-at="2022-06-21T15:22:34Z">
          <reporter-output>
          </reporter-output>
        </test-method> <!-- beforeMethod -->
        <test-method status="PASS" signature="afterMethod()[pri:0, instance:practiceTestNG.SeleniumTestsFirefox@1e127982]" name="afterMethod" is-config="true" duration-ms="0" started-at="2022-06-21T15:22:34Z" finished-at="2022-06-21T15:22:34Z">
          <reporter-output>
          </reporter-output>
        </test-method> <!-- afterMethod -->
        <test-method status="PASS" signature="beforeMethod()[pri:0, instance:practiceTestNG.SeleniumTestsFirefox@1e127982]" name="beforeMethod" is-config="true" duration-ms="1" started-at="2022-06-21T15:22:34Z" finished-at="2022-06-21T15:22:34Z">
          <reporter-output>
          </reporter-output>
        </test-method> <!-- beforeMethod -->
        <test-method status="PASS" signature="replyToEmail()[pri:0, instance:practiceTestNG.SeleniumTestsFirefox@1e127982]" name="replyToEmail" duration-ms="5" started-at="2022-06-21T15:22:34Z" finished-at="2022-06-21T15:22:34Z">
          <reporter-output>
          </reporter-output>
        </test-method> <!-- replyToEmail -->
        <test-method status="PASS" signature="afterMethod()[pri:0, instance:practiceTestNG.SeleniumTestsFirefox@1e127982]" name="afterMethod" is-config="true" duration-ms="1" started-at="2022-06-21T15:22:34Z" finished-at="2022-06-21T15:22:34Z">
          <reporter-output>
          </reporter-output>
        </test-method> <!-- afterMethod -->
        <test-method status="PASS" signature="close()[pri:0, instance:practiceTestNG.SeleniumTestsFirefox@1e127982]" name="close" is-config="true" duration-ms="1" started-at="2022-06-21T15:22:34Z" finished-at="2022-06-21T15:22:34Z">
          <reporter-output>
          </reporter-output>
        </test-method> <!-- close -->
      </class> <!-- practiceTestNG.SeleniumTestsFirefox -->
    </test> <!-- Run Tests on Firefox -->
  </suite> <!-- Parallel Execution -->
</testng-results>
